<?xml version="1.0" encoding="UTF-8"?>
<testsuite name="Test Guru site" tests="1" skipped="0" failures="1" errors="0" timestamp="2022-03-02T21:18:43" hostname="JUANPABLO" time="2.517">
  <properties/>
  <testcase name="As a Test Engineer, i try Right click and Double click" classname="Test Guru site" time="2.517">
    <failure message="java.lang.NullPointerException: Cannot invoke &quot;org.openqa.selenium.interactions.Actions.contextClick(org.openqa.selenium.WebElement)&quot; because &quot;pages.BasePage.action&quot; is null" type="java.lang.NullPointerException">java.lang.NullPointerException: Cannot invoke &quot;org.openqa.selenium.interactions.Actions.contextClick(org.openqa.selenium.WebElement)&quot; because &quot;pages.BasePage.action&quot; is null
	at pages.BasePage.rightClick(BasePage.java:89)
	at pages.GuruPage.rightClickGuruButton(GuruPage.java:16)
	at steps.GuruSteps.clickRightClickButton(GuruSteps.java:17)
	at ✽.I do right click on button(file:///D:/GitHub/SeleniumCucumberJavaProject2/src/test/resources/features/Guru.feature:4)
</failure>
  </testcase>
  <system-out><![CDATA[]]></system-out>
  <system-err><![CDATA[]]></system-err>
</testsuite>
